2022-03-05 22:44:36.229  INFO 12760 --- [restartedMain] t.l.tsg.TsgGetsitsJavaApplication        : Starting TsgGetsitsJavaApplication using Java 11.0.12 on DESKTOP-0HQNPFR with PID 12760 (D:\projectCode\useful\tsg-getsits-java\target\classes started by lushi in D:\projectCode\useful\tsg-getsits-java)
2022-03-05 22:44:36.232  INFO 12760 --- [restartedMain] t.l.tsg.TsgGetsitsJavaApplication        : No active profile set, falling back to default profiles: default
2022-03-05 22:44:36.269  INFO 12760 --- [restartedMain] o.s.b.devtools.restart.ChangeableUrls    : The Class-Path manifest attribute in C:\Users\lushi\.m2\repository\xalan\serializer\2.7.2\serializer-2.7.2.jar referenced one or more files that do not exist: file:/C:/Users/lushi/.m2/repository/xalan/serializer/2.7.2/xml-apis.jar
2022-03-05 22:44:36.270  INFO 12760 --- [restartedMain] o.s.b.devtools.restart.ChangeableUrls    : The Class-Path manifest attribute in C:\Users\lushi\.m2\repository\xalan\xalan\2.7.2\xalan-2.7.2.jar referenced one or more files that do not exist: file:/C:/Users/lushi/.m2/repository/xalan/xalan/2.7.2/xercesImpl.jar,file:/C:/Users/lushi/.m2/repository/xalan/xalan/2.7.2/xml-apis.jar,file:/C:/Users/lushi/.m2/repository/xalan/xalan/2.7.2/serializer.jar
2022-03-05 22:44:36.270  INFO 12760 --- [restartedMain] .e.DevToolsPropertyDefaultsPostProcessor : Devtools property defaults active! Set 'spring.devtools.add-properties' to 'false' to disable
2022-03-05 22:44:36.709  INFO 12760 --- [restartedMain] .s.d.r.c.RepositoryConfigurationDelegate : Multiple Spring Data modules found, entering strict repository configuration mode!
2022-03-05 22:44:36.711  INFO 12760 --- [restartedMain] .s.d.r.c.RepositoryConfigurationDelegate : Bootstrapping Spring Data Redis repositories in DEFAULT mode.
2022-03-05 22:44:36.731  INFO 12760 --- [restartedMain] .s.d.r.c.RepositoryConfigurationDelegate : Finished Spring Data repository scanning in 9 ms. Found 0 Redis repository interfaces.
2022-03-05 22:44:37.194  INFO 12760 --- [restartedMain] org.quartz.impl.StdSchedulerFactory      : Using default implementation for ThreadExecutor
2022-03-05 22:44:37.202  INFO 12760 --- [restartedMain] org.quartz.core.SchedulerSignalerImpl    : Initialized Scheduler Signaller of type: class org.quartz.core.SchedulerSignalerImpl
2022-03-05 22:44:37.203  INFO 12760 --- [restartedMain] org.quartz.core.QuartzScheduler          : Quartz Scheduler v.2.3.2 created.
2022-03-05 22:44:37.204  INFO 12760 --- [restartedMain] org.quartz.simpl.RAMJobStore             : RAMJobStore initialized.
2022-03-05 22:44:37.204  INFO 12760 --- [restartedMain] org.quartz.core.QuartzScheduler          : Scheduler meta-data: Quartz Scheduler (v2.3.2) 'quartzScheduler' with instanceId 'NON_CLUSTERED'
  Scheduler class: 'org.quartz.core.QuartzScheduler' - running locally.
  NOT STARTED.
  Currently in standby mode.
  Number of jobs executed: 0
  Using thread pool 'org.quartz.simpl.SimpleThreadPool' - with 10 threads.
  Using job-store 'org.quartz.simpl.RAMJobStore' - which does not support persistence. and is not clustered.

2022-03-05 22:44:37.205  INFO 12760 --- [restartedMain] org.quartz.impl.StdSchedulerFactory      : Quartz scheduler 'quartzScheduler' initialized from an externally provided properties instance.
2022-03-05 22:44:37.205  INFO 12760 --- [restartedMain] org.quartz.impl.StdSchedulerFactory      : Quartz scheduler version: 2.3.2
2022-03-05 22:44:37.206  INFO 12760 --- [restartedMain] org.quartz.core.QuartzScheduler          : JobFactory set to: org.springframework.scheduling.quartz.SpringBeanJobFactory@30cece94
2022-03-05 22:44:37.241  INFO 12760 --- [restartedMain] o.s.b.d.a.OptionalLiveReloadServer       : LiveReload server is running on port 35729
2022-03-05 22:44:37.255  INFO 12760 --- [restartedMain] o.s.s.quartz.SchedulerFactoryBean        : Starting Quartz Scheduler now
2022-03-05 22:44:37.255  INFO 12760 --- [restartedMain] org.quartz.core.QuartzScheduler          : Scheduler quartzScheduler_$_NON_CLUSTERED started.
2022-03-05 22:44:37.264  INFO 12760 --- [restartedMain] t.l.tsg.TsgGetsitsJavaApplication        : Started TsgGetsitsJavaApplication in 1.571 seconds (JVM running for 3.582)
2022-03-05 22:44:37.274  INFO 12760 --- [restartedMain] org.quartz.impl.StdSchedulerFactory      : Using default implementation for ThreadExecutor
2022-03-05 22:44:37.274  INFO 12760 --- [restartedMain] org.quartz.simpl.SimpleThreadPool        : Job execution threads will use class loader of thread: restartedMain
2022-03-05 22:44:37.275  INFO 12760 --- [restartedMain] org.quartz.core.SchedulerSignalerImpl    : Initialized Scheduler Signaller of type: class org.quartz.core.SchedulerSignalerImpl
2022-03-05 22:44:37.276  INFO 12760 --- [restartedMain] org.quartz.core.QuartzScheduler          : Quartz Scheduler v.2.3.2 created.
2022-03-05 22:44:37.276  INFO 12760 --- [restartedMain] org.quartz.simpl.RAMJobStore             : RAMJobStore initialized.
2022-03-05 22:44:37.276  INFO 12760 --- [restartedMain] org.quartz.core.QuartzScheduler          : Scheduler meta-data: Quartz Scheduler (v2.3.2) 'DefaultQuartzScheduler' with instanceId 'NON_CLUSTERED'
  Scheduler class: 'org.quartz.core.QuartzScheduler' - running locally.
  NOT STARTED.
  Currently in standby mode.
  Number of jobs executed: 0
  Using thread pool 'org.quartz.simpl.SimpleThreadPool' - with 10 threads.
  Using job-store 'org.quartz.simpl.RAMJobStore' - which does not support persistence. and is not clustered.

2022-03-05 22:44:37.277  INFO 12760 --- [restartedMain] org.quartz.impl.StdSchedulerFactory      : Quartz scheduler 'DefaultQuartzScheduler' initialized from default resource file in Quartz package: 'quartz.properties'
2022-03-05 22:44:37.277  INFO 12760 --- [restartedMain] org.quartz.impl.StdSchedulerFactory      : Quartz scheduler version: 2.3.2
2022-03-05 22:44:37.287  INFO 12760 --- [restartedMain] org.quartz.core.QuartzScheduler          : Scheduler DefaultQuartzScheduler_$_NON_CLUSTERED started.
2022-03-05 22:44:41.248  INFO 10880 --- [restartedMain] t.l.tsg.TsgGetsitsJavaApplication        : Starting TsgGetsitsJavaApplication using Java 11.0.12 on DESKTOP-0HQNPFR with PID 10880 (D:\projectCode\useful\tsg-getsits-java\target\classes started by lushi in D:\projectCode\useful\tsg-getsits-java)
2022-03-05 22:44:41.251  INFO 10880 --- [restartedMain] t.l.tsg.TsgGetsitsJavaApplication        : No active profile set, falling back to default profiles: default
2022-03-05 22:44:41.289  INFO 10880 --- [restartedMain] o.s.b.devtools.restart.ChangeableUrls    : The Class-Path manifest attribute in C:\Users\lushi\.m2\repository\xalan\serializer\2.7.2\serializer-2.7.2.jar referenced one or more files that do not exist: file:/C:/Users/lushi/.m2/repository/xalan/serializer/2.7.2/xml-apis.jar
2022-03-05 22:44:41.289  INFO 10880 --- [restartedMain] o.s.b.devtools.restart.ChangeableUrls    : The Class-Path manifest attribute in C:\Users\lushi\.m2\repository\xalan\xalan\2.7.2\xalan-2.7.2.jar referenced one or more files that do not exist: file:/C:/Users/lushi/.m2/repository/xalan/xalan/2.7.2/xercesImpl.jar,file:/C:/Users/lushi/.m2/repository/xalan/xalan/2.7.2/xml-apis.jar,file:/C:/Users/lushi/.m2/repository/xalan/xalan/2.7.2/serializer.jar
2022-03-05 22:44:41.290  INFO 10880 --- [restartedMain] .e.DevToolsPropertyDefaultsPostProcessor : Devtools property defaults active! Set 'spring.devtools.add-properties' to 'false' to disable
2022-03-05 22:44:41.662  INFO 10880 --- [restartedMain] .s.d.r.c.RepositoryConfigurationDelegate : Multiple Spring Data modules found, entering strict repository configuration mode!
2022-03-05 22:44:41.664  INFO 10880 --- [restartedMain] .s.d.r.c.RepositoryConfigurationDelegate : Bootstrapping Spring Data Redis repositories in DEFAULT mode.
2022-03-05 22:44:41.682  INFO 10880 --- [restartedMain] .s.d.r.c.RepositoryConfigurationDelegate : Finished Spring Data repository scanning in 8 ms. Found 0 Redis repository interfaces.
2022-03-05 22:44:42.129  INFO 10880 --- [restartedMain] org.quartz.impl.StdSchedulerFactory      : Using default implementation for ThreadExecutor
2022-03-05 22:44:42.138  INFO 10880 --- [restartedMain] org.quartz.core.SchedulerSignalerImpl    : Initialized Scheduler Signaller of type: class org.quartz.core.SchedulerSignalerImpl
2022-03-05 22:44:42.139  INFO 10880 --- [restartedMain] org.quartz.core.QuartzScheduler          : Quartz Scheduler v.2.3.2 created.
2022-03-05 22:44:42.139  INFO 10880 --- [restartedMain] org.quartz.simpl.RAMJobStore             : RAMJobStore initialized.
2022-03-05 22:44:42.140  INFO 10880 --- [restartedMain] org.quartz.core.QuartzScheduler          : Scheduler meta-data: Quartz Scheduler (v2.3.2) 'quartzScheduler' with instanceId 'NON_CLUSTERED'
  Scheduler class: 'org.quartz.core.QuartzScheduler' - running locally.
  NOT STARTED.
  Currently in standby mode.
  Number of jobs executed: 0
  Using thread pool 'org.quartz.simpl.SimpleThreadPool' - with 10 threads.
  Using job-store 'org.quartz.simpl.RAMJobStore' - which does not support persistence. and is not clustered.

2022-03-05 22:44:42.140  INFO 10880 --- [restartedMain] org.quartz.impl.StdSchedulerFactory      : Quartz scheduler 'quartzScheduler' initialized from an externally provided properties instance.
2022-03-05 22:44:42.140  INFO 10880 --- [restartedMain] org.quartz.impl.StdSchedulerFactory      : Quartz scheduler version: 2.3.2
2022-03-05 22:44:42.140  INFO 10880 --- [restartedMain] org.quartz.core.QuartzScheduler          : JobFactory set to: org.springframework.scheduling.quartz.SpringBeanJobFactory@513d7b
2022-03-05 22:44:42.163  WARN 10880 --- [restartedMain] o.s.b.d.a.OptionalLiveReloadServer       : Unable to start LiveReload server
2022-03-05 22:44:42.175  INFO 10880 --- [restartedMain] o.s.s.quartz.SchedulerFactoryBean        : Starting Quartz Scheduler now
2022-03-05 22:44:42.175  INFO 10880 --- [restartedMain] org.quartz.core.QuartzScheduler          : Scheduler quartzScheduler_$_NON_CLUSTERED started.
2022-03-05 22:44:42.184  INFO 10880 --- [restartedMain] t.l.tsg.TsgGetsitsJavaApplication        : Started TsgGetsitsJavaApplication in 1.41 seconds (JVM running for 2.934)
2022-03-05 22:44:42.190  INFO 10880 --- [restartedMain] org.quartz.impl.StdSchedulerFactory      : Using default implementation for ThreadExecutor
2022-03-05 22:44:42.190  INFO 10880 --- [restartedMain] org.quartz.simpl.SimpleThreadPool        : Job execution threads will use class loader of thread: restartedMain
2022-03-05 22:44:42.191  INFO 10880 --- [restartedMain] org.quartz.core.SchedulerSignalerImpl    : Initialized Scheduler Signaller of type: class org.quartz.core.SchedulerSignalerImpl
2022-03-05 22:44:42.191  INFO 10880 --- [restartedMain] org.quartz.core.QuartzScheduler          : Quartz Scheduler v.2.3.2 created.
2022-03-05 22:44:42.191  INFO 10880 --- [restartedMain] org.quartz.simpl.RAMJobStore             : RAMJobStore initialized.
2022-03-05 22:44:42.191  INFO 10880 --- [restartedMain] org.quartz.core.QuartzScheduler          : Scheduler meta-data: Quartz Scheduler (v2.3.2) 'DefaultQuartzScheduler' with instanceId 'NON_CLUSTERED'
  Scheduler class: 'org.quartz.core.QuartzScheduler' - running locally.
  NOT STARTED.
  Currently in standby mode.
  Number of jobs executed: 0
  Using thread pool 'org.quartz.simpl.SimpleThreadPool' - with 10 threads.
  Using job-store 'org.quartz.simpl.RAMJobStore' - which does not support persistence. and is not clustered.

2022-03-05 22:44:42.191  INFO 10880 --- [restartedMain] org.quartz.impl.StdSchedulerFactory      : Quartz scheduler 'DefaultQuartzScheduler' initialized from default resource file in Quartz package: 'quartz.properties'
2022-03-05 22:44:42.191  INFO 10880 --- [restartedMain] org.quartz.impl.StdSchedulerFactory      : Quartz scheduler version: 2.3.2
2022-03-05 22:44:42.202  INFO 10880 --- [restartedMain] org.quartz.core.QuartzScheduler          : Scheduler DefaultQuartzScheduler_$_NON_CLUSTERED started.
2022-03-05 22:44:48.298  INFO 12760 --- [SpringContextShutdownHook] org.quartz.core.QuartzScheduler          : Scheduler quartzScheduler_$_NON_CLUSTERED paused.
2022-03-05 22:44:48.300  INFO 12760 --- [SpringContextShutdownHook] o.s.s.quartz.SchedulerFactoryBean        : Shutting down Quartz Scheduler
2022-03-05 22:44:48.300  INFO 12760 --- [SpringContextShutdownHook] org.quartz.core.QuartzScheduler          : Scheduler quartzScheduler_$_NON_CLUSTERED shutting down.
2022-03-05 22:44:48.300  INFO 12760 --- [SpringContextShutdownHook] org.quartz.core.QuartzScheduler          : Scheduler quartzScheduler_$_NON_CLUSTERED paused.
2022-03-05 22:44:48.301  INFO 12760 --- [SpringContextShutdownHook] org.quartz.core.QuartzScheduler          : Scheduler quartzScheduler_$_NON_CLUSTERED shutdown complete.
2022-03-05 22:44:48.340  INFO 10880 --- [SpringContextShutdownHook] org.quartz.core.QuartzScheduler          : Scheduler quartzScheduler_$_NON_CLUSTERED paused.
2022-03-05 22:44:48.342  INFO 10880 --- [SpringContextShutdownHook] o.s.s.quartz.SchedulerFactoryBean        : Shutting down Quartz Scheduler
2022-03-05 22:44:48.342  INFO 10880 --- [SpringContextShutdownHook] org.quartz.core.QuartzScheduler          : Scheduler quartzScheduler_$_NON_CLUSTERED shutting down.
2022-03-05 22:44:48.343  INFO 10880 --- [SpringContextShutdownHook] org.quartz.core.QuartzScheduler          : Scheduler quartzScheduler_$_NON_CLUSTERED paused.
2022-03-05 22:44:48.343  INFO 10880 --- [SpringContextShutdownHook] org.quartz.core.QuartzScheduler          : Scheduler quartzScheduler_$_NON_CLUSTERED shutdown complete.
2022-03-05 22:44:53.796  INFO 5964 --- [restartedMain] t.l.tsg.TsgGetsitsJavaApplication        : Starting TsgGetsitsJavaApplication using Java 11.0.12 on DESKTOP-0HQNPFR with PID 5964 (D:\projectCode\useful\tsg-getsits-java\target\classes started by lushi in D:\projectCode\useful\tsg-getsits-java)
2022-03-05 22:44:53.799  INFO 5964 --- [restartedMain] t.l.tsg.TsgGetsitsJavaApplication        : No active profile set, falling back to default profiles: default
2022-03-05 22:44:53.832  INFO 5964 --- [restartedMain] o.s.b.devtools.restart.ChangeableUrls    : The Class-Path manifest attribute in C:\Users\lushi\.m2\repository\xalan\serializer\2.7.2\serializer-2.7.2.jar referenced one or more files that do not exist: file:/C:/Users/lushi/.m2/repository/xalan/serializer/2.7.2/xml-apis.jar
2022-03-05 22:44:53.832  INFO 5964 --- [restartedMain] o.s.b.devtools.restart.ChangeableUrls    : The Class-Path manifest attribute in C:\Users\lushi\.m2\repository\xalan\xalan\2.7.2\xalan-2.7.2.jar referenced one or more files that do not exist: file:/C:/Users/lushi/.m2/repository/xalan/xalan/2.7.2/xercesImpl.jar,file:/C:/Users/lushi/.m2/repository/xalan/xalan/2.7.2/xml-apis.jar,file:/C:/Users/lushi/.m2/repository/xalan/xalan/2.7.2/serializer.jar
2022-03-05 22:44:53.833  INFO 5964 --- [restartedMain] .e.DevToolsPropertyDefaultsPostProcessor : Devtools property defaults active! Set 'spring.devtools.add-properties' to 'false' to disable
2022-03-05 22:44:54.161  INFO 5964 --- [restartedMain] .s.d.r.c.RepositoryConfigurationDelegate : Multiple Spring Data modules found, entering strict repository configuration mode!
2022-03-05 22:44:54.163  INFO 5964 --- [restartedMain] .s.d.r.c.RepositoryConfigurationDelegate : Bootstrapping Spring Data Redis repositories in DEFAULT mode.
2022-03-05 22:44:54.184  INFO 5964 --- [restartedMain] .s.d.r.c.RepositoryConfigurationDelegate : Finished Spring Data repository scanning in 9 ms. Found 0 Redis repository interfaces.
2022-03-05 22:44:54.617  INFO 5964 --- [restartedMain] org.quartz.impl.StdSchedulerFactory      : Using default implementation for ThreadExecutor
2022-03-05 22:44:54.625  INFO 5964 --- [restartedMain] org.quartz.core.SchedulerSignalerImpl    : Initialized Scheduler Signaller of type: class org.quartz.core.SchedulerSignalerImpl
2022-03-05 22:44:54.625  INFO 5964 --- [restartedMain] org.quartz.core.QuartzScheduler          : Quartz Scheduler v.2.3.2 created.
2022-03-05 22:44:54.626  INFO 5964 --- [restartedMain] org.quartz.simpl.RAMJobStore             : RAMJobStore initialized.
2022-03-05 22:44:54.627  INFO 5964 --- [restartedMain] org.quartz.core.QuartzScheduler          : Scheduler meta-data: Quartz Scheduler (v2.3.2) 'quartzScheduler' with instanceId 'NON_CLUSTERED'
  Scheduler class: 'org.quartz.core.QuartzScheduler' - running locally.
  NOT STARTED.
  Currently in standby mode.
  Number of jobs executed: 0
  Using thread pool 'org.quartz.simpl.SimpleThreadPool' - with 10 threads.
  Using job-store 'org.quartz.simpl.RAMJobStore' - which does not support persistence. and is not clustered.

2022-03-05 22:44:54.627  INFO 5964 --- [restartedMain] org.quartz.impl.StdSchedulerFactory      : Quartz scheduler 'quartzScheduler' initialized from an externally provided properties instance.
2022-03-05 22:44:54.627  INFO 5964 --- [restartedMain] org.quartz.impl.StdSchedulerFactory      : Quartz scheduler version: 2.3.2
2022-03-05 22:44:54.627  INFO 5964 --- [restartedMain] org.quartz.core.QuartzScheduler          : JobFactory set to: org.springframework.scheduling.quartz.SpringBeanJobFactory@4e429103
2022-03-05 22:44:54.649  INFO 5964 --- [restartedMain] o.s.b.d.a.OptionalLiveReloadServer       : LiveReload server is running on port 35729
2022-03-05 22:44:54.662  INFO 5964 --- [restartedMain] o.s.s.quartz.SchedulerFactoryBean        : Starting Quartz Scheduler now
2022-03-05 22:44:54.662  INFO 5964 --- [restartedMain] org.quartz.core.QuartzScheduler          : Scheduler quartzScheduler_$_NON_CLUSTERED started.
2022-03-05 22:44:54.670  INFO 5964 --- [restartedMain] t.l.tsg.TsgGetsitsJavaApplication        : Started TsgGetsitsJavaApplication in 1.346 seconds (JVM running for 2.728)
2022-03-05 22:44:54.677  INFO 5964 --- [restartedMain] org.quartz.impl.StdSchedulerFactory      : Using default implementation for ThreadExecutor
2022-03-05 22:44:54.677  INFO 5964 --- [restartedMain] org.quartz.simpl.SimpleThreadPool        : Job execution threads will use class loader of thread: restartedMain
2022-03-05 22:44:54.677  INFO 5964 --- [restartedMain] org.quartz.core.SchedulerSignalerImpl    : Initialized Scheduler Signaller of type: class org.quartz.core.SchedulerSignalerImpl
2022-03-05 22:44:54.677  INFO 5964 --- [restartedMain] org.quartz.core.QuartzScheduler          : Quartz Scheduler v.2.3.2 created.
2022-03-05 22:44:54.677  INFO 5964 --- [restartedMain] org.quartz.simpl.RAMJobStore             : RAMJobStore initialized.
2022-03-05 22:44:54.677  INFO 5964 --- [restartedMain] org.quartz.core.QuartzScheduler          : Scheduler meta-data: Quartz Scheduler (v2.3.2) 'DefaultQuartzScheduler' with instanceId 'NON_CLUSTERED'
  Scheduler class: 'org.quartz.core.QuartzScheduler' - running locally.
  NOT STARTED.
  Currently in standby mode.
  Number of jobs executed: 0
  Using thread pool 'org.quartz.simpl.SimpleThreadPool' - with 10 threads.
  Using job-store 'org.quartz.simpl.RAMJobStore' - which does not support persistence. and is not clustered.

2022-03-05 22:44:54.677  INFO 5964 --- [restartedMain] org.quartz.impl.StdSchedulerFactory      : Quartz scheduler 'DefaultQuartzScheduler' initialized from default resource file in Quartz package: 'quartz.properties'
2022-03-05 22:44:54.677  INFO 5964 --- [restartedMain] org.quartz.impl.StdSchedulerFactory      : Quartz scheduler version: 2.3.2
2022-03-05 22:44:54.685  INFO 5964 --- [restartedMain] org.quartz.core.QuartzScheduler          : Scheduler DefaultQuartzScheduler_$_NON_CLUSTERED started.
2022-03-05 22:45:07.761  INFO 5964 --- [SpringContextShutdownHook] org.quartz.core.QuartzScheduler          : Scheduler quartzScheduler_$_NON_CLUSTERED paused.
2022-03-05 22:45:07.764  INFO 5964 --- [SpringContextShutdownHook] o.s.s.quartz.SchedulerFactoryBean        : Shutting down Quartz Scheduler
2022-03-05 22:45:07.764  INFO 5964 --- [SpringContextShutdownHook] org.quartz.core.QuartzScheduler          : Scheduler quartzScheduler_$_NON_CLUSTERED shutting down.
2022-03-05 22:45:07.764  INFO 5964 --- [SpringContextShutdownHook] org.quartz.core.QuartzScheduler          : Scheduler quartzScheduler_$_NON_CLUSTERED paused.
2022-03-05 22:45:07.765  INFO 5964 --- [SpringContextShutdownHook] org.quartz.core.QuartzScheduler          : Scheduler quartzScheduler_$_NON_CLUSTERED shutdown complete.
2022-03-05 22:45:11.124  INFO 11808 --- [restartedMain] t.l.tsg.TsgGetsitsJavaApplication        : Starting TsgGetsitsJavaApplication using Java 11.0.12 on DESKTOP-0HQNPFR with PID 11808 (D:\projectCode\useful\tsg-getsits-java\target\classes started by lushi in D:\projectCode\useful\tsg-getsits-java)
2022-03-05 22:45:11.126  INFO 11808 --- [restartedMain] t.l.tsg.TsgGetsitsJavaApplication        : No active profile set, falling back to default profiles: default
2022-03-05 22:45:11.158  INFO 11808 --- [restartedMain] o.s.b.devtools.restart.ChangeableUrls    : The Class-Path manifest attribute in C:\Users\lushi\.m2\repository\xalan\serializer\2.7.2\serializer-2.7.2.jar referenced one or more files that do not exist: file:/C:/Users/lushi/.m2/repository/xalan/serializer/2.7.2/xml-apis.jar
2022-03-05 22:45:11.159  INFO 11808 --- [restartedMain] o.s.b.devtools.restart.ChangeableUrls    : The Class-Path manifest attribute in C:\Users\lushi\.m2\repository\xalan\xalan\2.7.2\xalan-2.7.2.jar referenced one or more files that do not exist: file:/C:/Users/lushi/.m2/repository/xalan/xalan/2.7.2/xercesImpl.jar,file:/C:/Users/lushi/.m2/repository/xalan/xalan/2.7.2/xml-apis.jar,file:/C:/Users/lushi/.m2/repository/xalan/xalan/2.7.2/serializer.jar
2022-03-05 22:45:11.159  INFO 11808 --- [restartedMain] .e.DevToolsPropertyDefaultsPostProcessor : Devtools property defaults active! Set 'spring.devtools.add-properties' to 'false' to disable
2022-03-05 22:45:11.477  INFO 11808 --- [restartedMain] .s.d.r.c.RepositoryConfigurationDelegate : Multiple Spring Data modules found, entering strict repository configuration mode!
2022-03-05 22:45:11.479  INFO 11808 --- [restartedMain] .s.d.r.c.RepositoryConfigurationDelegate : Bootstrapping Spring Data Redis repositories in DEFAULT mode.
2022-03-05 22:45:11.502  INFO 11808 --- [restartedMain] .s.d.r.c.RepositoryConfigurationDelegate : Finished Spring Data repository scanning in 8 ms. Found 0 Redis repository interfaces.
2022-03-05 22:45:11.884  INFO 11808 --- [restartedMain] org.quartz.impl.StdSchedulerFactory      : Using default implementation for ThreadExecutor
2022-03-05 22:45:11.891  INFO 11808 --- [restartedMain] org.quartz.core.SchedulerSignalerImpl    : Initialized Scheduler Signaller of type: class org.quartz.core.SchedulerSignalerImpl
2022-03-05 22:45:11.892  INFO 11808 --- [restartedMain] org.quartz.core.QuartzScheduler          : Quartz Scheduler v.2.3.2 created.
2022-03-05 22:45:11.892  INFO 11808 --- [restartedMain] org.quartz.simpl.RAMJobStore             : RAMJobStore initialized.
2022-03-05 22:45:11.893  INFO 11808 --- [restartedMain] org.quartz.core.QuartzScheduler          : Scheduler meta-data: Quartz Scheduler (v2.3.2) 'quartzScheduler' with instanceId 'NON_CLUSTERED'
  Scheduler class: 'org.quartz.core.QuartzScheduler' - running locally.
  NOT STARTED.
  Currently in standby mode.
  Number of jobs executed: 0
  Using thread pool 'org.quartz.simpl.SimpleThreadPool' - with 10 threads.
  Using job-store 'org.quartz.simpl.RAMJobStore' - which does not support persistence. and is not clustered.

2022-03-05 22:45:11.893  INFO 11808 --- [restartedMain] org.quartz.impl.StdSchedulerFactory      : Quartz scheduler 'quartzScheduler' initialized from an externally provided properties instance.
2022-03-05 22:45:11.893  INFO 11808 --- [restartedMain] org.quartz.impl.StdSchedulerFactory      : Quartz scheduler version: 2.3.2
2022-03-05 22:45:11.893  INFO 11808 --- [restartedMain] org.quartz.core.QuartzScheduler          : JobFactory set to: org.springframework.scheduling.quartz.SpringBeanJobFactory@1d710854
2022-03-05 22:45:11.913  INFO 11808 --- [restartedMain] o.s.b.d.a.OptionalLiveReloadServer       : LiveReload server is running on port 35729
2022-03-05 22:45:11.924  INFO 11808 --- [restartedMain] o.s.s.quartz.SchedulerFactoryBean        : Starting Quartz Scheduler now
2022-03-05 22:45:11.925  INFO 11808 --- [restartedMain] org.quartz.core.QuartzScheduler          : Scheduler quartzScheduler_$_NON_CLUSTERED started.
2022-03-05 22:45:11.934  INFO 11808 --- [restartedMain] t.l.tsg.TsgGetsitsJavaApplication        : Started TsgGetsitsJavaApplication in 1.251 seconds (JVM running for 2.998)
2022-03-05 22:45:11.940  INFO 11808 --- [restartedMain] org.quartz.impl.StdSchedulerFactory      : Using default implementation for ThreadExecutor
2022-03-05 22:45:11.941  INFO 11808 --- [restartedMain] org.quartz.simpl.SimpleThreadPool        : Job execution threads will use class loader of thread: restartedMain
2022-03-05 22:45:11.942  INFO 11808 --- [restartedMain] org.quartz.core.SchedulerSignalerImpl    : Initialized Scheduler Signaller of type: class org.quartz.core.SchedulerSignalerImpl
2022-03-05 22:45:11.942  INFO 11808 --- [restartedMain] org.quartz.core.QuartzScheduler          : Quartz Scheduler v.2.3.2 created.
2022-03-05 22:45:11.942  INFO 11808 --- [restartedMain] org.quartz.simpl.RAMJobStore             : RAMJobStore initialized.
2022-03-05 22:45:11.942  INFO 11808 --- [restartedMain] org.quartz.core.QuartzScheduler          : Scheduler meta-data: Quartz Scheduler (v2.3.2) 'DefaultQuartzScheduler' with instanceId 'NON_CLUSTERED'
  Scheduler class: 'org.quartz.core.QuartzScheduler' - running locally.
  NOT STARTED.
  Currently in standby mode.
  Number of jobs executed: 0
  Using thread pool 'org.quartz.simpl.SimpleThreadPool' - with 10 threads.
  Using job-store 'org.quartz.simpl.RAMJobStore' - which does not support persistence. and is not clustered.

2022-03-05 22:45:11.942  INFO 11808 --- [restartedMain] org.quartz.impl.StdSchedulerFactory      : Quartz scheduler 'DefaultQuartzScheduler' initialized from default resource file in Quartz package: 'quartz.properties'
2022-03-05 22:45:11.942  INFO 11808 --- [restartedMain] org.quartz.impl.StdSchedulerFactory      : Quartz scheduler version: 2.3.2
2022-03-05 22:45:11.949  INFO 11808 --- [restartedMain] org.quartz.core.QuartzScheduler          : Scheduler DefaultQuartzScheduler_$_NON_CLUSTERED started.
2022-03-05 22:45:25.921  INFO 11808 --- [SpringContextShutdownHook] org.quartz.core.QuartzScheduler          : Scheduler quartzScheduler_$_NON_CLUSTERED paused.
2022-03-05 22:45:25.924  INFO 11808 --- [SpringContextShutdownHook] o.s.s.quartz.SchedulerFactoryBean        : Shutting down Quartz Scheduler
2022-03-05 22:45:25.924  INFO 11808 --- [SpringContextShutdownHook] org.quartz.core.QuartzScheduler          : Scheduler quartzScheduler_$_NON_CLUSTERED shutting down.
2022-03-05 22:45:25.924  INFO 11808 --- [SpringContextShutdownHook] org.quartz.core.QuartzScheduler          : Scheduler quartzScheduler_$_NON_CLUSTERED paused.
2022-03-05 22:45:25.924  INFO 11808 --- [SpringContextShutdownHook] org.quartz.core.QuartzScheduler          : Scheduler quartzScheduler_$_NON_CLUSTERED shutdown complete.
2022-03-05 22:45:30.574  INFO 12092 --- [restartedMain] t.l.tsg.TsgGetsitsJavaApplication        : Starting TsgGetsitsJavaApplication using Java 11.0.12 on DESKTOP-0HQNPFR with PID 12092 (D:\projectCode\useful\tsg-getsits-java\target\classes started by lushi in D:\projectCode\useful\tsg-getsits-java)
2022-03-05 22:45:30.576  INFO 12092 --- [restartedMain] t.l.tsg.TsgGetsitsJavaApplication        : No active profile set, falling back to default profiles: default
2022-03-05 22:45:30.606  INFO 12092 --- [restartedMain] o.s.b.devtools.restart.ChangeableUrls    : The Class-Path manifest attribute in C:\Users\lushi\.m2\repository\xalan\serializer\2.7.2\serializer-2.7.2.jar referenced one or more files that do not exist: file:/C:/Users/lushi/.m2/repository/xalan/serializer/2.7.2/xml-apis.jar
2022-03-05 22:45:30.607  INFO 12092 --- [restartedMain] o.s.b.devtools.restart.ChangeableUrls    : The Class-Path manifest attribute in C:\Users\lushi\.m2\repository\xalan\xalan\2.7.2\xalan-2.7.2.jar referenced one or more files that do not exist: file:/C:/Users/lushi/.m2/repository/xalan/xalan/2.7.2/xercesImpl.jar,file:/C:/Users/lushi/.m2/repository/xalan/xalan/2.7.2/xml-apis.jar,file:/C:/Users/lushi/.m2/repository/xalan/xalan/2.7.2/serializer.jar
2022-03-05 22:45:30.607  INFO 12092 --- [restartedMain] .e.DevToolsPropertyDefaultsPostProcessor : Devtools property defaults active! Set 'spring.devtools.add-properties' to 'false' to disable
2022-03-05 22:45:30.920  INFO 12092 --- [restartedMain] .s.d.r.c.RepositoryConfigurationDelegate : Multiple Spring Data modules found, entering strict repository configuration mode!
2022-03-05 22:45:30.922  INFO 12092 --- [restartedMain] .s.d.r.c.RepositoryConfigurationDelegate : Bootstrapping Spring Data Redis repositories in DEFAULT mode.
2022-03-05 22:45:30.945  INFO 12092 --- [restartedMain] .s.d.r.c.RepositoryConfigurationDelegate : Finished Spring Data repository scanning in 8 ms. Found 0 Redis repository interfaces.
2022-03-05 22:45:31.324  INFO 12092 --- [restartedMain] org.quartz.impl.StdSchedulerFactory      : Using default implementation for ThreadExecutor
2022-03-05 22:45:31.334  INFO 12092 --- [restartedMain] org.quartz.core.SchedulerSignalerImpl    : Initialized Scheduler Signaller of type: class org.quartz.core.SchedulerSignalerImpl
2022-03-05 22:45:31.334  INFO 12092 --- [restartedMain] org.quartz.core.QuartzScheduler          : Quartz Scheduler v.2.3.2 created.
2022-03-05 22:45:31.335  INFO 12092 --- [restartedMain] org.quartz.simpl.RAMJobStore             : RAMJobStore initialized.
2022-03-05 22:45:31.335  INFO 12092 --- [restartedMain] org.quartz.core.QuartzScheduler          : Scheduler meta-data: Quartz Scheduler (v2.3.2) 'quartzScheduler' with instanceId 'NON_CLUSTERED'
  Scheduler class: 'org.quartz.core.QuartzScheduler' - running locally.
  NOT STARTED.
  Currently in standby mode.
  Number of jobs executed: 0
  Using thread pool 'org.quartz.simpl.SimpleThreadPool' - with 10 threads.
  Using job-store 'org.quartz.simpl.RAMJobStore' - which does not support persistence. and is not clustered.

2022-03-05 22:45:31.335  INFO 12092 --- [restartedMain] org.quartz.impl.StdSchedulerFactory      : Quartz scheduler 'quartzScheduler' initialized from an externally provided properties instance.
2022-03-05 22:45:31.335  INFO 12092 --- [restartedMain] org.quartz.impl.StdSchedulerFactory      : Quartz scheduler version: 2.3.2
2022-03-05 22:45:31.336  INFO 12092 --- [restartedMain] org.quartz.core.QuartzScheduler          : JobFactory set to: org.springframework.scheduling.quartz.SpringBeanJobFactory@57765272
2022-03-05 22:45:31.356  INFO 12092 --- [restartedMain] o.s.b.d.a.OptionalLiveReloadServer       : LiveReload server is running on port 35729
2022-03-05 22:45:31.367  INFO 12092 --- [restartedMain] o.s.s.quartz.SchedulerFactoryBean        : Starting Quartz Scheduler now
2022-03-05 22:45:31.367  INFO 12092 --- [restartedMain] org.quartz.core.QuartzScheduler          : Scheduler quartzScheduler_$_NON_CLUSTERED started.
2022-03-05 22:45:31.375  INFO 12092 --- [restartedMain] t.l.tsg.TsgGetsitsJavaApplication        : Started TsgGetsitsJavaApplication in 1.236 seconds (JVM running for 2.413)
2022-03-05 22:45:31.380  INFO 12092 --- [restartedMain] org.quartz.impl.StdSchedulerFactory      : Using default implementation for ThreadExecutor
2022-03-05 22:45:31.380  INFO 12092 --- [restartedMain] org.quartz.simpl.SimpleThreadPool        : Job execution threads will use class loader of thread: restartedMain
2022-03-05 22:45:31.381  INFO 12092 --- [restartedMain] org.quartz.core.SchedulerSignalerImpl    : Initialized Scheduler Signaller of type: class org.quartz.core.SchedulerSignalerImpl
2022-03-05 22:45:31.381  INFO 12092 --- [restartedMain] org.quartz.core.QuartzScheduler          : Quartz Scheduler v.2.3.2 created.
2022-03-05 22:45:31.381  INFO 12092 --- [restartedMain] org.quartz.simpl.RAMJobStore             : RAMJobStore initialized.
2022-03-05 22:45:31.382  INFO 12092 --- [restartedMain] org.quartz.core.QuartzScheduler          : Scheduler meta-data: Quartz Scheduler (v2.3.2) 'DefaultQuartzScheduler' with instanceId 'NON_CLUSTERED'
  Scheduler class: 'org.quartz.core.QuartzScheduler' - running locally.
  NOT STARTED.
  Currently in standby mode.
  Number of jobs executed: 0
  Using thread pool 'org.quartz.simpl.SimpleThreadPool' - with 10 threads.
  Using job-store 'org.quartz.simpl.RAMJobStore' - which does not support persistence. and is not clustered.

2022-03-05 22:45:31.382  INFO 12092 --- [restartedMain] org.quartz.impl.StdSchedulerFactory      : Quartz scheduler 'DefaultQuartzScheduler' initialized from default resource file in Quartz package: 'quartz.properties'
2022-03-05 22:45:31.382  INFO 12092 --- [restartedMain] org.quartz.impl.StdSchedulerFactory      : Quartz scheduler version: 2.3.2
2022-03-05 22:45:31.390  INFO 12092 --- [restartedMain] org.quartz.core.QuartzScheduler          : Scheduler DefaultQuartzScheduler_$_NON_CLUSTERED started.
2022-03-05 22:45:41.406  INFO 12092 --- [Forwarding newSession on session null to remote] o.o.selenium.remote.ProtocolHandshake    : Detected dialect: W3C
2022-03-05 22:45:41.499  INFO 12092 --- [pool-2-thread-1] top.lushi78778.tsg.job.SitTask           : 18900972093登陆......
2022-03-05 22:45:41.499  INFO 12092 --- [pool-2-thread-1] top.lushi78778.tsg.job.SitTask           : 第一次登陆，get cookie
2022-03-05 22:45:47.831  INFO 12092 --- [pool-2-thread-1] top.lushi78778.tsg.job.SitTask           : 18900972093登陆成功[oa_enc=b68121ccc2dff7c2e633ebd9b6b91b3a; path=/; domain=office.chaoxing.com, fid=1477; expires=周一, 04 4月 2022 10:45:46 CST; path=/; domain=.chaoxing.com, vc2=CDABA0683CE4FC991902C36C45AE249C; expires=周一, 04 4月 2022 10:45:46 CST; path=/; domain=.chaoxing.com, _d=1646491532861; expires=周一, 04 4月 2022 10:45:46 CST; path=/; domain=.chaoxing.com, vc3=G4x9nMKxkF%2FCXCYHDeHgqwi9%2BFnhyGcKRUrsyFNvjDaTNid8N8GXexgPKMvNR7OpItt%2B4yDr1JRD1C5bQpo3p2UKsDfS291s6a7k00uEerESItKUcHopNhltT3FCBYTuFb6El7SusIIs%2F21dr0k%2BlD7t%2FA3DXCKpYCO4AOo1piw%3De025343a0c5e41089f46dbcad5142e41; expires=周一, 04 4月 2022 10:45:46 CST; path=/; domain=.chaoxing.com, lv=1; expires=周一, 04 4月 2022 10:45:46 CST; path=/; domain=.chaoxing.com, JSESSIONID=BC54A8520E39F314FDD9719E3E96A396.reserve_web_124; path=/; domain=office.chaoxing.com, vc=1B73A36AF7F993EE0AFA13084F7A1086; expires=周一, 04 4月 2022 10:45:46 CST; path=/; domain=.chaoxing.com, oa_uid=56610083; path=/; domain=office.chaoxing.com, xxtenc=64b0070beac77881aa6467ddb826fdd9; expires=周一, 04 4月 2022 10:45:46 CST; path=/; domain=.chaoxing.com, UID=56610083; expires=周一, 04 4月 2022 10:45:46 CST; path=/; domain=.chaoxing.com, uf=b2d2c93beefa90dc33da322fc9e3fb900add87d02496b7d7c4c00161c44cceb6f8f5e0f1ed62c66ba384750c47571b06c49d67c0c30ca5047c5a963e85f1109930c11f1f6adf7e11fd68be96b6183b1a5922371ecaa84d0d72ad150b75b4e216efcbe65cc4aafd28; expires=周一, 04 4月 2022 10:45:46 CST; path=/; domain=.chaoxing.com, route=3b84754f32aaf54a995f7d41f1a28848; path=/; domain=office.chaoxing.com, DSSTASH_LOG=C_38-UN_2105-US_56610083-T_1646491532863; expires=周一, 04 4月 2022 10:45:46 CST; path=/; domain=.chaoxing.com, oa_deptid=21426; path=/; domain=office.chaoxing.com, _uid=56610083; expires=周一, 04 4月 2022 10:45:46 CST; path=/; domain=.chaoxing.com, oa_name=%E5%91%A8%E5%AD%90%E6%8D%B7; path=/; domain=office.chaoxing.com]
2022-03-05 22:49:35.366  INFO 12092 --- [SpringContextShutdownHook] org.quartz.core.QuartzScheduler          : Scheduler quartzScheduler_$_NON_CLUSTERED paused.
2022-03-05 22:49:35.369  INFO 12092 --- [SpringContextShutdownHook] o.s.s.quartz.SchedulerFactoryBean        : Shutting down Quartz Scheduler
2022-03-05 22:49:35.369  INFO 12092 --- [SpringContextShutdownHook] org.quartz.core.QuartzScheduler          : Scheduler quartzScheduler_$_NON_CLUSTERED shutting down.
2022-03-05 22:49:35.369  INFO 12092 --- [SpringContextShutdownHook] org.quartz.core.QuartzScheduler          : Scheduler quartzScheduler_$_NON_CLUSTERED paused.
2022-03-05 22:49:35.369  INFO 12092 --- [SpringContextShutdownHook] org.quartz.core.QuartzScheduler          : Scheduler quartzScheduler_$_NON_CLUSTERED shutdown complete.
2022-03-05 22:49:40.825  INFO 2520 --- [restartedMain] t.l.tsg.TsgGetsitsJavaApplication        : Starting TsgGetsitsJavaApplication using Java 11.0.12 on DESKTOP-0HQNPFR with PID 2520 (D:\projectCode\useful\tsg-getsits-java\target\classes started by lushi in D:\projectCode\useful\tsg-getsits-java)
2022-03-05 22:49:40.828  INFO 2520 --- [restartedMain] t.l.tsg.TsgGetsitsJavaApplication        : No active profile set, falling back to default profiles: default
2022-03-05 22:49:40.859  INFO 2520 --- [restartedMain] o.s.b.devtools.restart.ChangeableUrls    : The Class-Path manifest attribute in C:\Users\lushi\.m2\repository\xalan\serializer\2.7.2\serializer-2.7.2.jar referenced one or more files that do not exist: file:/C:/Users/lushi/.m2/repository/xalan/serializer/2.7.2/xml-apis.jar
2022-03-05 22:49:40.859  INFO 2520 --- [restartedMain] o.s.b.devtools.restart.ChangeableUrls    : The Class-Path manifest attribute in C:\Users\lushi\.m2\repository\xalan\xalan\2.7.2\xalan-2.7.2.jar referenced one or more files that do not exist: file:/C:/Users/lushi/.m2/repository/xalan/xalan/2.7.2/xercesImpl.jar,file:/C:/Users/lushi/.m2/repository/xalan/xalan/2.7.2/xml-apis.jar,file:/C:/Users/lushi/.m2/repository/xalan/xalan/2.7.2/serializer.jar
2022-03-05 22:49:40.859  INFO 2520 --- [restartedMain] .e.DevToolsPropertyDefaultsPostProcessor : Devtools property defaults active! Set 'spring.devtools.add-properties' to 'false' to disable
2022-03-05 22:49:41.156  INFO 2520 --- [restartedMain] .s.d.r.c.RepositoryConfigurationDelegate : Multiple Spring Data modules found, entering strict repository configuration mode!
2022-03-05 22:49:41.158  INFO 2520 --- [restartedMain] .s.d.r.c.RepositoryConfigurationDelegate : Bootstrapping Spring Data Redis repositories in DEFAULT mode.
2022-03-05 22:49:41.177  INFO 2520 --- [restartedMain] .s.d.r.c.RepositoryConfigurationDelegate : Finished Spring Data repository scanning in 9 ms. Found 0 Redis repository interfaces.
2022-03-05 22:49:41.561  INFO 2520 --- [restartedMain] org.quartz.impl.StdSchedulerFactory      : Using default implementation for ThreadExecutor
2022-03-05 22:49:41.570  INFO 2520 --- [restartedMain] org.quartz.core.SchedulerSignalerImpl    : Initialized Scheduler Signaller of type: class org.quartz.core.SchedulerSignalerImpl
2022-03-05 22:49:41.570  INFO 2520 --- [restartedMain] org.quartz.core.QuartzScheduler          : Quartz Scheduler v.2.3.2 created.
2022-03-05 22:49:41.570  INFO 2520 --- [restartedMain] org.quartz.simpl.RAMJobStore             : RAMJobStore initialized.
2022-03-05 22:49:41.571  INFO 2520 --- [restartedMain] org.quartz.core.QuartzScheduler          : Scheduler meta-data: Quartz Scheduler (v2.3.2) 'quartzScheduler' with instanceId 'NON_CLUSTERED'
  Scheduler class: 'org.quartz.core.QuartzScheduler' - running locally.
  NOT STARTED.
  Currently in standby mode.
  Number of jobs executed: 0
  Using thread pool 'org.quartz.simpl.SimpleThreadPool' - with 10 threads.
  Using job-store 'org.quartz.simpl.RAMJobStore' - which does not support persistence. and is not clustered.

2022-03-05 22:49:41.571  INFO 2520 --- [restartedMain] org.quartz.impl.StdSchedulerFactory      : Quartz scheduler 'quartzScheduler' initialized from an externally provided properties instance.
2022-03-05 22:49:41.571  INFO 2520 --- [restartedMain] org.quartz.impl.StdSchedulerFactory      : Quartz scheduler version: 2.3.2
2022-03-05 22:49:41.571  INFO 2520 --- [restartedMain] org.quartz.core.QuartzScheduler          : JobFactory set to: org.springframework.scheduling.quartz.SpringBeanJobFactory@48b302b6
2022-03-05 22:49:41.590  INFO 2520 --- [restartedMain] o.s.b.d.a.OptionalLiveReloadServer       : LiveReload server is running on port 35729
2022-03-05 22:49:41.600  INFO 2520 --- [restartedMain] o.s.s.quartz.SchedulerFactoryBean        : Starting Quartz Scheduler now
2022-03-05 22:49:41.600  INFO 2520 --- [restartedMain] org.quartz.core.QuartzScheduler          : Scheduler quartzScheduler_$_NON_CLUSTERED started.
2022-03-05 22:49:41.608  INFO 2520 --- [restartedMain] t.l.tsg.TsgGetsitsJavaApplication        : Started TsgGetsitsJavaApplication in 1.271 seconds (JVM running for 2.615)
2022-03-05 22:49:41.613  INFO 2520 --- [restartedMain] org.quartz.impl.StdSchedulerFactory      : Using default implementation for ThreadExecutor
2022-03-05 22:49:41.613  INFO 2520 --- [restartedMain] org.quartz.simpl.SimpleThreadPool        : Job execution threads will use class loader of thread: restartedMain
2022-03-05 22:49:41.614  INFO 2520 --- [restartedMain] org.quartz.core.SchedulerSignalerImpl    : Initialized Scheduler Signaller of type: class org.quartz.core.SchedulerSignalerImpl
2022-03-05 22:49:41.614  INFO 2520 --- [restartedMain] org.quartz.core.QuartzScheduler          : Quartz Scheduler v.2.3.2 created.
2022-03-05 22:49:41.614  INFO 2520 --- [restartedMain] org.quartz.simpl.RAMJobStore             : RAMJobStore initialized.
2022-03-05 22:49:41.614  INFO 2520 --- [restartedMain] org.quartz.core.QuartzScheduler          : Scheduler meta-data: Quartz Scheduler (v2.3.2) 'DefaultQuartzScheduler' with instanceId 'NON_CLUSTERED'
  Scheduler class: 'org.quartz.core.QuartzScheduler' - running locally.
  NOT STARTED.
  Currently in standby mode.
  Number of jobs executed: 0
  Using thread pool 'org.quartz.simpl.SimpleThreadPool' - with 10 threads.
  Using job-store 'org.quartz.simpl.RAMJobStore' - which does not support persistence. and is not clustered.

2022-03-05 22:49:41.614  INFO 2520 --- [restartedMain] org.quartz.impl.StdSchedulerFactory      : Quartz scheduler 'DefaultQuartzScheduler' initialized from default resource file in Quartz package: 'quartz.properties'
2022-03-05 22:49:41.614  INFO 2520 --- [restartedMain] org.quartz.impl.StdSchedulerFactory      : Quartz scheduler version: 2.3.2
2022-03-05 22:49:41.621  INFO 2520 --- [restartedMain] org.quartz.core.QuartzScheduler          : Scheduler DefaultQuartzScheduler_$_NON_CLUSTERED started.
2022-03-05 22:49:49.659  INFO 2520 --- [SpringContextShutdownHook] org.quartz.core.QuartzScheduler          : Scheduler quartzScheduler_$_NON_CLUSTERED paused.
2022-03-05 22:49:49.661  INFO 2520 --- [SpringContextShutdownHook] o.s.s.quartz.SchedulerFactoryBean        : Shutting down Quartz Scheduler
2022-03-05 22:49:49.661  INFO 2520 --- [SpringContextShutdownHook] org.quartz.core.QuartzScheduler          : Scheduler quartzScheduler_$_NON_CLUSTERED shutting down.
2022-03-05 22:49:49.661  INFO 2520 --- [SpringContextShutdownHook] org.quartz.core.QuartzScheduler          : Scheduler quartzScheduler_$_NON_CLUSTERED paused.
2022-03-05 22:49:49.661  INFO 2520 --- [SpringContextShutdownHook] org.quartz.core.QuartzScheduler          : Scheduler quartzScheduler_$_NON_CLUSTERED shutdown complete.
2022-03-05 22:49:54.358  INFO 4148 --- [restartedMain] t.l.tsg.TsgGetsitsJavaApplication        : Starting TsgGetsitsJavaApplication using Java 11.0.12 on DESKTOP-0HQNPFR with PID 4148 (D:\projectCode\useful\tsg-getsits-java\target\classes started by lushi in D:\projectCode\useful\tsg-getsits-java)
2022-03-05 22:49:54.361  INFO 4148 --- [restartedMain] t.l.tsg.TsgGetsitsJavaApplication        : No active profile set, falling back to default profiles: default
2022-03-05 22:49:54.392  INFO 4148 --- [restartedMain] o.s.b.devtools.restart.ChangeableUrls    : The Class-Path manifest attribute in C:\Users\lushi\.m2\repository\xalan\serializer\2.7.2\serializer-2.7.2.jar referenced one or more files that do not exist: file:/C:/Users/lushi/.m2/repository/xalan/serializer/2.7.2/xml-apis.jar
2022-03-05 22:49:54.392  INFO 4148 --- [restartedMain] o.s.b.devtools.restart.ChangeableUrls    : The Class-Path manifest attribute in C:\Users\lushi\.m2\repository\xalan\xalan\2.7.2\xalan-2.7.2.jar referenced one or more files that do not exist: file:/C:/Users/lushi/.m2/repository/xalan/xalan/2.7.2/xercesImpl.jar,file:/C:/Users/lushi/.m2/repository/xalan/xalan/2.7.2/xml-apis.jar,file:/C:/Users/lushi/.m2/repository/xalan/xalan/2.7.2/serializer.jar
2022-03-05 22:49:54.393  INFO 4148 --- [restartedMain] .e.DevToolsPropertyDefaultsPostProcessor : Devtools property defaults active! Set 'spring.devtools.add-properties' to 'false' to disable
2022-03-05 22:49:54.691  INFO 4148 --- [restartedMain] .s.d.r.c.RepositoryConfigurationDelegate : Multiple Spring Data modules found, entering strict repository configuration mode!
2022-03-05 22:49:54.693  INFO 4148 --- [restartedMain] .s.d.r.c.RepositoryConfigurationDelegate : Bootstrapping Spring Data Redis repositories in DEFAULT mode.
2022-03-05 22:49:54.710  INFO 4148 --- [restartedMain] .s.d.r.c.RepositoryConfigurationDelegate : Finished Spring Data repository scanning in 7 ms. Found 0 Redis repository interfaces.
2022-03-05 22:49:55.091  INFO 4148 --- [restartedMain] org.quartz.impl.StdSchedulerFactory      : Using default implementation for ThreadExecutor
2022-03-05 22:49:55.099  INFO 4148 --- [restartedMain] org.quartz.core.SchedulerSignalerImpl    : Initialized Scheduler Signaller of type: class org.quartz.core.SchedulerSignalerImpl
2022-03-05 22:49:55.099  INFO 4148 --- [restartedMain] org.quartz.core.QuartzScheduler          : Quartz Scheduler v.2.3.2 created.
2022-03-05 22:49:55.100  INFO 4148 --- [restartedMain] org.quartz.simpl.RAMJobStore             : RAMJobStore initialized.
2022-03-05 22:49:55.100  INFO 4148 --- [restartedMain] org.quartz.core.QuartzScheduler          : Scheduler meta-data: Quartz Scheduler (v2.3.2) 'quartzScheduler' with instanceId 'NON_CLUSTERED'
  Scheduler class: 'org.quartz.core.QuartzScheduler' - running locally.
  NOT STARTED.
  Currently in standby mode.
  Number of jobs executed: 0
  Using thread pool 'org.quartz.simpl.SimpleThreadPool' - with 10 threads.
  Using job-store 'org.quartz.simpl.RAMJobStore' - which does not support persistence. and is not clustered.

2022-03-05 22:49:55.100  INFO 4148 --- [restartedMain] org.quartz.impl.StdSchedulerFactory      : Quartz scheduler 'quartzScheduler' initialized from an externally provided properties instance.
2022-03-05 22:49:55.100  INFO 4148 --- [restartedMain] org.quartz.impl.StdSchedulerFactory      : Quartz scheduler version: 2.3.2
2022-03-05 22:49:55.100  INFO 4148 --- [restartedMain] org.quartz.core.QuartzScheduler          : JobFactory set to: org.springframework.scheduling.quartz.SpringBeanJobFactory@2b05f251
2022-03-05 22:49:55.122  INFO 4148 --- [restartedMain] o.s.b.d.a.OptionalLiveReloadServer       : LiveReload server is running on port 35729
2022-03-05 22:49:55.131  INFO 4148 --- [restartedMain] o.s.s.quartz.SchedulerFactoryBean        : Starting Quartz Scheduler now
2022-03-05 22:49:55.132  INFO 4148 --- [restartedMain] org.quartz.core.QuartzScheduler          : Scheduler quartzScheduler_$_NON_CLUSTERED started.
2022-03-05 22:49:55.139  INFO 4148 --- [restartedMain] t.l.tsg.TsgGetsitsJavaApplication        : Started TsgGetsitsJavaApplication in 1.228 seconds (JVM running for 2.393)
2022-03-05 22:49:55.144  INFO 4148 --- [restartedMain] org.quartz.impl.StdSchedulerFactory      : Using default implementation for ThreadExecutor
2022-03-05 22:49:55.144  INFO 4148 --- [restartedMain] org.quartz.simpl.SimpleThreadPool        : Job execution threads will use class loader of thread: restartedMain
2022-03-05 22:49:55.145  INFO 4148 --- [restartedMain] org.quartz.core.SchedulerSignalerImpl    : Initialized Scheduler Signaller of type: class org.quartz.core.SchedulerSignalerImpl
2022-03-05 22:49:55.145  INFO 4148 --- [restartedMain] org.quartz.core.QuartzScheduler          : Quartz Scheduler v.2.3.2 created.
2022-03-05 22:49:55.145  INFO 4148 --- [restartedMain] org.quartz.simpl.RAMJobStore             : RAMJobStore initialized.
2022-03-05 22:49:55.145  INFO 4148 --- [restartedMain] org.quartz.core.QuartzScheduler          : Scheduler meta-data: Quartz Scheduler (v2.3.2) 'DefaultQuartzScheduler' with instanceId 'NON_CLUSTERED'
  Scheduler class: 'org.quartz.core.QuartzScheduler' - running locally.
  NOT STARTED.
  Currently in standby mode.
  Number of jobs executed: 0
  Using thread pool 'org.quartz.simpl.SimpleThreadPool' - with 10 threads.
  Using job-store 'org.quartz.simpl.RAMJobStore' - which does not support persistence. and is not clustered.

2022-03-05 22:49:55.145  INFO 4148 --- [restartedMain] org.quartz.impl.StdSchedulerFactory      : Quartz scheduler 'DefaultQuartzScheduler' initialized from default resource file in Quartz package: 'quartz.properties'
2022-03-05 22:49:55.145  INFO 4148 --- [restartedMain] org.quartz.impl.StdSchedulerFactory      : Quartz scheduler version: 2.3.2
2022-03-05 22:49:55.151  INFO 4148 --- [restartedMain] org.quartz.core.QuartzScheduler          : Scheduler DefaultQuartzScheduler_$_NON_CLUSTERED started.
2022-03-05 22:50:01.546  INFO 4148 --- [Forwarding newSession on session null to remote] o.o.selenium.remote.ProtocolHandshake    : Detected dialect: W3C
2022-03-05 22:50:01.630  INFO 4148 --- [pool-2-thread-1] top.lushi78778.tsg.job.SitTask           : 18900972093登陆......
2022-03-05 22:50:01.631  INFO 4148 --- [pool-2-thread-1] top.lushi78778.tsg.job.SitTask           : 第一次登陆，get cookie
2022-03-05 22:50:07.795  INFO 4148 --- [pool-2-thread-1] top.lushi78778.tsg.job.SitTask           : 18900972093登陆成功[oa_enc=b68121ccc2dff7c2e633ebd9b6b91b3a; path=/; domain=office.chaoxing.com, fid=1477; expires=周一, 04 4月 2022 10:50:06 CST; path=/; domain=.chaoxing.com, vc2=CDABA0683CE4FC991902C36C45AE249C; expires=周一, 04 4月 2022 10:50:06 CST; path=/; domain=.chaoxing.com, _d=1646491792855; expires=周一, 04 4月 2022 10:50:06 CST; path=/; domain=.chaoxing.com, vc3=dVjnPCZlTi%2F4v51A1J7MpTYy3RMa9W8ZMmErD%2Bkf0wR3iskE54if3PPWzZxckVpNp0KPT%2B6xsTZMKT4S0ywkFYssOmS4pVwtUcNnK3WimBMadUK2aaeGlRSvELXncqv3r%2FtK%2BeQ2zaPo%2BdgdzXX2e35y1vyiczocdJhDkktmWgc%3Dc2bbde6fb1a8b844f38f3a72c9328466; expires=周一, 04 4月 2022 10:50:06 CST; path=/; domain=.chaoxing.com, lv=1; expires=周一, 04 4月 2022 10:50:06 CST; path=/; domain=.chaoxing.com, JSESSIONID=CDF038419BA8C7F0E425FE6C4FCFD6F3.reserve_web_125; path=/; domain=office.chaoxing.com, vc=1B73A36AF7F993EE0AFA13084F7A1086; expires=周一, 04 4月 2022 10:50:06 CST; path=/; domain=.chaoxing.com, oa_uid=56610083; path=/; domain=office.chaoxing.com, xxtenc=64b0070beac77881aa6467ddb826fdd9; expires=周一, 04 4月 2022 10:50:06 CST; path=/; domain=.chaoxing.com, UID=56610083; expires=周一, 04 4月 2022 10:50:06 CST; path=/; domain=.chaoxing.com, uf=b2d2c93beefa90dc33da322fc9e3fb900add87d02496b7d7c4c00161c44cceb6f8f5e0f1ed62c66bbdb9562d1e5ec7b3c49d67c0c30ca5047c5a963e85f1109930c11f1f6adf7e11fd68be96b6183b1a5922371ecaa84d0d72ad150b75b4e2169c70cbdcfde940db; expires=周一, 04 4月 2022 10:50:06 CST; path=/; domain=.chaoxing.com, route=2107b3b209f27d6acae2395f23ff4722; path=/; domain=office.chaoxing.com, DSSTASH_LOG=C_38-UN_2105-US_56610083-T_1646491792856; expires=周一, 04 4月 2022 10:50:06 CST; path=/; domain=.chaoxing.com, oa_deptid=21426; path=/; domain=office.chaoxing.com, _uid=56610083; expires=周一, 04 4月 2022 10:50:06 CST; path=/; domain=.chaoxing.com, oa_name=%E5%91%A8%E5%AD%90%E6%8D%B7; path=/; domain=office.chaoxing.com]
2022-03-05 22:50:08.292  INFO 4148 --- [pool-2-thread-1] top.lushi78778.tsg.job.SitTask           : 第一次登陆，get cookie
2022-03-05 22:50:08.786  INFO 4148 --- [Thread-5] org.quartz.core.QuartzScheduler          : Scheduler quartzScheduler_$_NON_CLUSTERED paused.
2022-03-05 22:50:08.787  INFO 4148 --- [Thread-5] o.s.s.quartz.SchedulerFactoryBean        : Shutting down Quartz Scheduler
2022-03-05 22:50:08.788  INFO 4148 --- [Thread-5] org.quartz.core.QuartzScheduler          : Scheduler quartzScheduler_$_NON_CLUSTERED shutting down.
2022-03-05 22:50:08.788  INFO 4148 --- [Thread-5] org.quartz.core.QuartzScheduler          : Scheduler quartzScheduler_$_NON_CLUSTERED paused.
2022-03-05 22:50:08.788  INFO 4148 --- [Thread-5] org.quartz.core.QuartzScheduler          : Scheduler quartzScheduler_$_NON_CLUSTERED shutdown complete.
2022-03-05 22:50:08.892  INFO 4148 --- [restartedMain] t.l.tsg.TsgGetsitsJavaApplication        : Starting TsgGetsitsJavaApplication using Java 11.0.12 on DESKTOP-0HQNPFR with PID 4148 (D:\projectCode\useful\tsg-getsits-java\target\classes started by lushi in D:\projectCode\useful\tsg-getsits-java)
2022-03-05 22:50:08.893  INFO 4148 --- [restartedMain] t.l.tsg.TsgGetsitsJavaApplication        : No active profile set, falling back to default profiles: default
2022-03-05 22:50:09.004  INFO 4148 --- [restartedMain] .s.d.r.c.RepositoryConfigurationDelegate : Multiple Spring Data modules found, entering strict repository configuration mode!
2022-03-05 22:50:09.004  INFO 4148 --- [restartedMain] .s.d.r.c.RepositoryConfigurationDelegate : Bootstrapping Spring Data Redis repositories in DEFAULT mode.
2022-03-05 22:50:09.011  INFO 4148 --- [restartedMain] .s.d.r.c.RepositoryConfigurationDelegate : Finished Spring Data repository scanning in 5 ms. Found 0 Redis repository interfaces.
2022-03-05 22:50:09.117  INFO 4148 --- [restartedMain] org.quartz.impl.StdSchedulerFactory      : Using default implementation for ThreadExecutor
2022-03-05 22:50:09.118  INFO 4148 --- [restartedMain] org.quartz.core.SchedulerSignalerImpl    : Initialized Scheduler Signaller of type: class org.quartz.core.SchedulerSignalerImpl
2022-03-05 22:50:09.118  INFO 4148 --- [restartedMain] org.quartz.core.QuartzScheduler          : Quartz Scheduler v.2.3.2 created.
2022-03-05 22:50:09.118  INFO 4148 --- [restartedMain] org.quartz.simpl.RAMJobStore             : RAMJobStore initialized.
2022-03-05 22:50:09.118  INFO 4148 --- [restartedMain] org.quartz.core.QuartzScheduler          : Scheduler meta-data: Quartz Scheduler (v2.3.2) 'quartzScheduler' with instanceId 'NON_CLUSTERED'
  Scheduler class: 'org.quartz.core.QuartzScheduler' - running locally.
  NOT STARTED.
  Currently in standby mode.
  Number of jobs executed: 0
  Using thread pool 'org.quartz.simpl.SimpleThreadPool' - with 10 threads.
  Using job-store 'org.quartz.simpl.RAMJobStore' - which does not support persistence. and is not clustered.

2022-03-05 22:50:09.118  INFO 4148 --- [restartedMain] org.quartz.impl.StdSchedulerFactory      : Quartz scheduler 'quartzScheduler' initialized from an externally provided properties instance.
2022-03-05 22:50:09.118  INFO 4148 --- [restartedMain] org.quartz.impl.StdSchedulerFactory      : Quartz scheduler version: 2.3.2
2022-03-05 22:50:09.119  INFO 4148 --- [restartedMain] org.quartz.core.QuartzScheduler          : JobFactory set to: org.springframework.scheduling.quartz.SpringBeanJobFactory@5bbbc978
2022-03-05 22:50:09.127  INFO 4148 --- [restartedMain] o.s.b.d.a.OptionalLiveReloadServer       : LiveReload server is running on port 35729
2022-03-05 22:50:09.130  INFO 4148 --- [restartedMain] o.s.s.quartz.SchedulerFactoryBean        : Starting Quartz Scheduler now
2022-03-05 22:50:09.130  INFO 4148 --- [restartedMain] org.quartz.core.QuartzScheduler          : Scheduler quartzScheduler_$_NON_CLUSTERED started.
2022-03-05 22:50:09.132  INFO 4148 --- [restartedMain] t.l.tsg.TsgGetsitsJavaApplication        : Started TsgGetsitsJavaApplication in 0.286 seconds (JVM running for 16.385)
2022-03-05 22:50:09.133  INFO 4148 --- [restartedMain] .ConditionEvaluationDeltaLoggingListener : Condition evaluation unchanged
2022-03-05 22:53:49.990  INFO 4148 --- [SpringContextShutdownHook] org.quartz.core.QuartzScheduler          : Scheduler quartzScheduler_$_NON_CLUSTERED paused.
2022-03-05 22:53:49.992  INFO 4148 --- [SpringContextShutdownHook] o.s.s.quartz.SchedulerFactoryBean        : Shutting down Quartz Scheduler
2022-03-05 22:53:49.992  INFO 4148 --- [SpringContextShutdownHook] org.quartz.core.QuartzScheduler          : Scheduler quartzScheduler_$_NON_CLUSTERED shutting down.
2022-03-05 22:53:49.992  INFO 4148 --- [SpringContextShutdownHook] org.quartz.core.QuartzScheduler          : Scheduler quartzScheduler_$_NON_CLUSTERED paused.
2022-03-05 22:53:49.993  INFO 4148 --- [SpringContextShutdownHook] org.quartz.core.QuartzScheduler          : Scheduler quartzScheduler_$_NON_CLUSTERED shutdown complete.
2022-03-05 22:55:54.610  INFO 3676 --- [restartedMain] t.l.tsg.TsgGetsitsJavaApplication        : Starting TsgGetsitsJavaApplication using Java 11.0.12 on DESKTOP-0HQNPFR with PID 3676 (D:\projectCode\useful\tsg-getsits-java\target\classes started by lushi in D:\projectCode\useful\tsg-getsits-java)
2022-03-05 22:55:54.612  INFO 3676 --- [restartedMain] t.l.tsg.TsgGetsitsJavaApplication        : No active profile set, falling back to default profiles: default
2022-03-05 22:55:54.641  INFO 3676 --- [restartedMain] o.s.b.devtools.restart.ChangeableUrls    : The Class-Path manifest attribute in C:\Users\lushi\.m2\repository\xalan\serializer\2.7.2\serializer-2.7.2.jar referenced one or more files that do not exist: file:/C:/Users/lushi/.m2/repository/xalan/serializer/2.7.2/xml-apis.jar
2022-03-05 22:55:54.642  INFO 3676 --- [restartedMain] o.s.b.devtools.restart.ChangeableUrls    : The Class-Path manifest attribute in C:\Users\lushi\.m2\repository\xalan\xalan\2.7.2\xalan-2.7.2.jar referenced one or more files that do not exist: file:/C:/Users/lushi/.m2/repository/xalan/xalan/2.7.2/xercesImpl.jar,file:/C:/Users/lushi/.m2/repository/xalan/xalan/2.7.2/xml-apis.jar,file:/C:/Users/lushi/.m2/repository/xalan/xalan/2.7.2/serializer.jar
2022-03-05 22:55:54.642  INFO 3676 --- [restartedMain] .e.DevToolsPropertyDefaultsPostProcessor : Devtools property defaults active! Set 'spring.devtools.add-properties' to 'false' to disable
2022-03-05 22:55:54.933  INFO 3676 --- [restartedMain] .s.d.r.c.RepositoryConfigurationDelegate : Multiple Spring Data modules found, entering strict repository configuration mode!
2022-03-05 22:55:54.935  INFO 3676 --- [restartedMain] .s.d.r.c.RepositoryConfigurationDelegate : Bootstrapping Spring Data Redis repositories in DEFAULT mode.
2022-03-05 22:55:54.954  INFO 3676 --- [restartedMain] .s.d.r.c.RepositoryConfigurationDelegate : Finished Spring Data repository scanning in 9 ms. Found 0 Redis repository interfaces.
2022-03-05 22:55:55.351  INFO 3676 --- [restartedMain] org.quartz.impl.StdSchedulerFactory      : Using default implementation for ThreadExecutor
2022-03-05 22:55:55.359  INFO 3676 --- [restartedMain] org.quartz.core.SchedulerSignalerImpl    : Initialized Scheduler Signaller of type: class org.quartz.core.SchedulerSignalerImpl
2022-03-05 22:55:55.360  INFO 3676 --- [restartedMain] org.quartz.core.QuartzScheduler          : Quartz Scheduler v.2.3.2 created.
2022-03-05 22:55:55.360  INFO 3676 --- [restartedMain] org.quartz.simpl.RAMJobStore             : RAMJobStore initialized.
2022-03-05 22:55:55.361  INFO 3676 --- [restartedMain] org.quartz.core.QuartzScheduler          : Scheduler meta-data: Quartz Scheduler (v2.3.2) 'quartzScheduler' with instanceId 'NON_CLUSTERED'
  Scheduler class: 'org.quartz.core.QuartzScheduler' - running locally.
  NOT STARTED.
  Currently in standby mode.
  Number of jobs executed: 0
  Using thread pool 'org.quartz.simpl.SimpleThreadPool' - with 10 threads.
  Using job-store 'org.quartz.simpl.RAMJobStore' - which does not support persistence. and is not clustered.

2022-03-05 22:55:55.361  INFO 3676 --- [restartedMain] org.quartz.impl.StdSchedulerFactory      : Quartz scheduler 'quartzScheduler' initialized from an externally provided properties instance.
2022-03-05 22:55:55.361  INFO 3676 --- [restartedMain] org.quartz.impl.StdSchedulerFactory      : Quartz scheduler version: 2.3.2
2022-03-05 22:55:55.362  INFO 3676 --- [restartedMain] org.quartz.core.QuartzScheduler          : JobFactory set to: org.springframework.scheduling.quartz.SpringBeanJobFactory@79e4baac
2022-03-05 22:55:55.382  INFO 3676 --- [restartedMain] o.s.b.d.a.OptionalLiveReloadServer       : LiveReload server is running on port 35729
2022-03-05 22:55:55.392  INFO 3676 --- [restartedMain] o.s.s.quartz.SchedulerFactoryBean        : Starting Quartz Scheduler now
2022-03-05 22:55:55.392  INFO 3676 --- [restartedMain] org.quartz.core.QuartzScheduler          : Scheduler quartzScheduler_$_NON_CLUSTERED started.
2022-03-05 22:55:55.400  INFO 3676 --- [restartedMain] t.l.tsg.TsgGetsitsJavaApplication        : Started TsgGetsitsJavaApplication in 1.306 seconds (JVM running for 2.419)
2022-03-05 22:55:55.405  INFO 3676 --- [restartedMain] org.quartz.impl.StdSchedulerFactory      : Using default implementation for ThreadExecutor
2022-03-05 22:55:55.405  INFO 3676 --- [restartedMain] org.quartz.simpl.SimpleThreadPool        : Job execution threads will use class loader of thread: restartedMain
2022-03-05 22:55:55.406  INFO 3676 --- [restartedMain] org.quartz.core.SchedulerSignalerImpl    : Initialized Scheduler Signaller of type: class org.quartz.core.SchedulerSignalerImpl
2022-03-05 22:55:55.406  INFO 3676 --- [restartedMain] org.quartz.core.QuartzScheduler          : Quartz Scheduler v.2.3.2 created.
2022-03-05 22:55:55.406  INFO 3676 --- [restartedMain] org.quartz.simpl.RAMJobStore             : RAMJobStore initialized.
2022-03-05 22:55:55.406  INFO 3676 --- [restartedMain] org.quartz.core.QuartzScheduler          : Scheduler meta-data: Quartz Scheduler (v2.3.2) 'DefaultQuartzScheduler' with instanceId 'NON_CLUSTERED'
  Scheduler class: 'org.quartz.core.QuartzScheduler' - running locally.
  NOT STARTED.
  Currently in standby mode.
  Number of jobs executed: 0
  Using thread pool 'org.quartz.simpl.SimpleThreadPool' - with 10 threads.
  Using job-store 'org.quartz.simpl.RAMJobStore' - which does not support persistence. and is not clustered.

2022-03-05 22:55:55.406  INFO 3676 --- [restartedMain] org.quartz.impl.StdSchedulerFactory      : Quartz scheduler 'DefaultQuartzScheduler' initialized from default resource file in Quartz package: 'quartz.properties'
2022-03-05 22:55:55.406  INFO 3676 --- [restartedMain] org.quartz.impl.StdSchedulerFactory      : Quartz scheduler version: 2.3.2
2022-03-05 22:55:55.414  INFO 3676 --- [restartedMain] org.quartz.core.QuartzScheduler          : Scheduler DefaultQuartzScheduler_$_NON_CLUSTERED started.
2022-03-05 22:56:01.477  INFO 3676 --- [Forwarding newSession on session null to remote] o.o.selenium.remote.ProtocolHandshake    : Detected dialect: W3C
2022-03-05 22:56:01.554  INFO 3676 --- [pool-2-thread-1] top.lushi78778.tsg.job.SitTask           : 18900972093登陆......
2022-03-05 22:56:01.556  INFO 3676 --- [pool-2-thread-1] top.lushi78778.tsg.job.SitTask           : 第一次登陆，get cookie
2022-03-05 22:56:07.672  INFO 3676 --- [pool-2-thread-1] top.lushi78778.tsg.job.SitTask           : 18900972093登陆成功[oa_enc=b68121ccc2dff7c2e633ebd9b6b91b3a; path=/; domain=office.chaoxing.com, fid=1477; expires=周一, 04 4月 2022 10:56:06 CST; path=/; domain=.chaoxing.com, vc2=CDABA0683CE4FC991902C36C45AE249C; expires=周一, 04 4月 2022 10:56:06 CST; path=/; domain=.chaoxing.com, _d=1646492152528; expires=周一, 04 4月 2022 10:56:06 CST; path=/; domain=.chaoxing.com, vc3=BgP5vLYtcmDTBFp304hu3YkFHXULD7Apn%2FI7%2FmsamqEp7znN7EA5dIBYH6J5ynS%2B291guDAHZFRh4xwy8I22chInTs6h4PntJp4V8RViwCz1j%2FbvMWMb9oDn4LrmefYdcH37BWqCPVodl6Fw0r8RWRrvVL%2BpA9E%2BGUHRGDW0eHA%3Dfe72c945f2c53d7e66db581689e19bf9; expires=周一, 04 4月 2022 10:56:06 CST; path=/; domain=.chaoxing.com, lv=1; expires=周一, 04 4月 2022 10:56:06 CST; path=/; domain=.chaoxing.com, JSESSIONID=AE7827ED423614134B367947EF6D820A.reserve_web_127; path=/; domain=office.chaoxing.com, vc=1B73A36AF7F993EE0AFA13084F7A1086; expires=周一, 04 4月 2022 10:56:06 CST; path=/; domain=.chaoxing.com, oa_uid=56610083; path=/; domain=office.chaoxing.com, xxtenc=64b0070beac77881aa6467ddb826fdd9; expires=周一, 04 4月 2022 10:56:06 CST; path=/; domain=.chaoxing.com, UID=56610083; expires=周一, 04 4月 2022 10:56:06 CST; path=/; domain=.chaoxing.com, uf=b2d2c93beefa90dc33da322fc9e3fb900add87d02496b7d7c4c00161c44cceb6f8f5e0f1ed62c66bcb8d8c7900243e60c49d67c0c30ca5047c5a963e85f1109930c11f1f6adf7e11fd68be96b6183b1a5922371ecaa84d0d6003b52eb70d7406488e679732498273; expires=周一, 04 4月 2022 10:56:06 CST; path=/; domain=.chaoxing.com, route=e37b564281be6bf42f59a301ebbe05b5; path=/; domain=office.chaoxing.com, DSSTASH_LOG=C_38-UN_2105-US_56610083-T_1646492152530; expires=周一, 04 4月 2022 10:56:06 CST; path=/; domain=.chaoxing.com, oa_deptid=21426; path=/; domain=office.chaoxing.com, _uid=56610083; expires=周一, 04 4月 2022 10:56:06 CST; path=/; domain=.chaoxing.com, oa_name=%E5%91%A8%E5%AD%90%E6%8D%B7; path=/; domain=office.chaoxing.com]
2022-03-05 22:56:07.676  INFO 3676 --- [pool-2-thread-1] top.lushi78778.tsg.job.SitTask           : 第一次登陆，get cookie
2022-03-05 22:56:09.032  INFO 3676 --- [Thread-5] org.quartz.core.QuartzScheduler          : Scheduler quartzScheduler_$_NON_CLUSTERED paused.
2022-03-05 22:56:09.034  INFO 3676 --- [Thread-5] o.s.s.quartz.SchedulerFactoryBean        : Shutting down Quartz Scheduler
2022-03-05 22:56:09.034  INFO 3676 --- [Thread-5] org.quartz.core.QuartzScheduler          : Scheduler quartzScheduler_$_NON_CLUSTERED shutting down.
2022-03-05 22:56:09.034  INFO 3676 --- [Thread-5] org.quartz.core.QuartzScheduler          : Scheduler quartzScheduler_$_NON_CLUSTERED paused.
2022-03-05 22:56:09.034  INFO 3676 --- [Thread-5] org.quartz.core.QuartzScheduler          : Scheduler quartzScheduler_$_NON_CLUSTERED shutdown complete.
2022-03-05 22:56:09.112  INFO 3676 --- [restartedMain] t.l.tsg.TsgGetsitsJavaApplication        : Starting TsgGetsitsJavaApplication using Java 11.0.12 on DESKTOP-0HQNPFR with PID 3676 (D:\projectCode\useful\tsg-getsits-java\target\classes started by lushi in D:\projectCode\useful\tsg-getsits-java)
2022-03-05 22:56:09.113  INFO 3676 --- [restartedMain] t.l.tsg.TsgGetsitsJavaApplication        : No active profile set, falling back to default profiles: default
2022-03-05 22:56:09.195  INFO 3676 --- [restartedMain] .s.d.r.c.RepositoryConfigurationDelegate : Multiple Spring Data modules found, entering strict repository configuration mode!
2022-03-05 22:56:09.195  INFO 3676 --- [restartedMain] .s.d.r.c.RepositoryConfigurationDelegate : Bootstrapping Spring Data Redis repositories in DEFAULT mode.
2022-03-05 22:56:09.198  INFO 3676 --- [restartedMain] .s.d.r.c.RepositoryConfigurationDelegate : Finished Spring Data repository scanning in 2 ms. Found 0 Redis repository interfaces.
2022-03-05 22:56:09.238  INFO 3676 --- [restartedMain] org.quartz.impl.StdSchedulerFactory      : Using default implementation for ThreadExecutor
2022-03-05 22:56:09.239  INFO 3676 --- [restartedMain] org.quartz.core.SchedulerSignalerImpl    : Initialized Scheduler Signaller of type: class org.quartz.core.SchedulerSignalerImpl
2022-03-05 22:56:09.239  INFO 3676 --- [restartedMain] org.quartz.core.QuartzScheduler          : Quartz Scheduler v.2.3.2 created.
2022-03-05 22:56:09.239  INFO 3676 --- [restartedMain] org.quartz.simpl.RAMJobStore             : RAMJobStore initialized.
2022-03-05 22:56:09.239  INFO 3676 --- [restartedMain] org.quartz.core.QuartzScheduler          : Scheduler meta-data: Quartz Scheduler (v2.3.2) 'quartzScheduler' with instanceId 'NON_CLUSTERED'
  Scheduler class: 'org.quartz.core.QuartzScheduler' - running locally.
  NOT STARTED.
  Currently in standby mode.
  Number of jobs executed: 0
  Using thread pool 'org.quartz.simpl.SimpleThreadPool' - with 10 threads.
  Using job-store 'org.quartz.simpl.RAMJobStore' - which does not support persistence. and is not clustered.

2022-03-05 22:56:09.239  INFO 3676 --- [restartedMain] org.quartz.impl.StdSchedulerFactory      : Quartz scheduler 'quartzScheduler' initialized from an externally provided properties instance.
2022-03-05 22:56:09.239  INFO 3676 --- [restartedMain] org.quartz.impl.StdSchedulerFactory      : Quartz scheduler version: 2.3.2
2022-03-05 22:56:09.239  INFO 3676 --- [restartedMain] org.quartz.core.QuartzScheduler          : JobFactory set to: org.springframework.scheduling.quartz.SpringBeanJobFactory@35ddc528
2022-03-05 22:56:09.246  INFO 3676 --- [restartedMain] o.s.b.d.a.OptionalLiveReloadServer       : LiveReload server is running on port 35729
2022-03-05 22:56:09.249  INFO 3676 --- [restartedMain] o.s.s.quartz.SchedulerFactoryBean        : Starting Quartz Scheduler now
2022-03-05 22:56:09.249  INFO 3676 --- [restartedMain] org.quartz.core.QuartzScheduler          : Scheduler quartzScheduler_$_NON_CLUSTERED started.
2022-03-05 22:56:09.251  INFO 3676 --- [restartedMain] t.l.tsg.TsgGetsitsJavaApplication        : Started TsgGetsitsJavaApplication in 0.164 seconds (JVM running for 16.27)
2022-03-05 22:56:09.252  INFO 3676 --- [restartedMain] .ConditionEvaluationDeltaLoggingListener : Condition evaluation unchanged
